2014-11-18 09:50:15	管理员:admin	对账户金额进行了修改	管理员[1]给用户[1]lijin提现，金额：-100.00元	
2014-11-18 09:50:52	管理员:admin	对账户金额进行了修改	管理员[1]给用户[1]lijin提现，金额：-500.00元	
2014-11-18 10:51:22	管理员:admin	对账户金额进行了修改	管理员[1]给用户[1]lijin充值，金额：100.00元	
2014-11-18 10:57:10	管理员:admin	对账户金额进行了修改	csacac	
2014-11-18 10:57:56	管理员:admin	对账户金额进行了修改	管理员[1]给用户[1]lijin充值，金额：1000.00元	
2014-11-18 10:58:08	管理员:admin	对账户金额进行了修改	我擦	
2014-11-18 10:59:54	管理员:admin	对账户金额进行了修改	扣减	
2014-11-18 11:01:53	管理员:admin	对账户金额进行了修改	管理员扣减用户金额,原因是: 原因	
2014-11-18 11:05:33	管理员:admin	对账户金额进行了修改	管理员扣减用户lijin金额,原因是: fewfewf	
2014-11-18 11:10:28	管理员:admin	对账户金额进行了修改	管理员扣减用户 lijin 金额 700 ,原因是: r23r23r23	
2014-11-18 11:29:52	管理员:admin	对账户金额进行了修改	管理员[1]给用户[1]lijin充值，金额：100.00元	
2014-11-18 11:30:13	管理员:admin	对账户金额进行了修改	管理员减少用户 lijin 金额 100 ,原因是: 621626	
2014-11-18 11:44:55	管理员:admin	对账户金额进行了修改	管理员[1]给用户[1]lijin充值，金额：100.00元	
2014-11-18 11:45:10	管理员:admin	对账户金额进行了修改	管理员减少用户 lijin 金额 100 ,原因是: 测试减少金额	
2014-11-18 11:45:21	管理员:admin	对账户金额进行了修改	管理员[1]给用户[1]lijin充值，金额：1000.00元	
2014-11-18 11:45:21	管理员:admin	对账户金额进行了修改	管理员[1]给用户[2]fewefewwe充值，金额：1000.00元	
2014-11-18 11:45:49	管理员:admin	对账户金额进行了修改	管理员减少用户 lijin 金额 100 ,原因是: 测试减少2	
2014-11-18 14:16:59	管理员:admin	对账户金额进行了修改	管理员减少用户 lijin1 金额 44 ,原因是:	
2014-11-18 14:21:50	管理员:admin	对账户金额进行了修改	管理员给用户 lijin1 充值金额10000	
2014-11-18 14:23:07	管理员:admin	对账户金额进行了修改	管理员1给用户 lijin1 充值金额200	
2014-11-18 14:25:26	管理员:admin	对账户金额进行了修改	管理员1给用户 lijin1 充值金额2000	
2014-11-18 14:26:33	管理员:admin	对账户金额进行了修改	管理员1给用户 lijin1 充值金额30000	
2014-11-18 14:33:25	管理员:admin	对账户金额进行了修改	管理员1给用户 lijin1 提现-2000	
2014-11-18 14:33:40	管理员:admin	对账户金额进行了修改	管理员1给用户 lijin1 提现-944	
2014-11-18 14:33:55	管理员:admin	对账户金额进行了修改	管理员1给用户 lijin1 提现-10000	
2014-11-18 14:35:01	管理员:admin	对账户金额进行了修改	管理员1减少用户 lijin1 金额 20000 ,原因是: 我就扣	
2014-11-18 14:35:50	管理员:admin	对账户金额进行了修改	管理员1给用户 lijin1 充值金额20000	
2014-11-18 14:36:11	管理员:admin	对账户金额进行了修改	管理员[1]给用户[1]lijin充值，金额：100.00元	
2014-11-18 14:36:32	管理员:admin	对账户金额进行了修改	管理员[1]给用户[1]lijin提现，金额：-100.00元	
2014-11-18 14:37:09	管理员:admin	对账户金额进行了修改	管理员[1]给用户[1]lijin提现，金额：-500.00元	
2014-11-18 14:37:32	管理员:admin	对账户金额进行了修改	管理员[1]给用户[1]lijin提现，金额：-100.00元	
2014-11-18 14:41:25	管理员:admin	对账户金额进行了修改	管理员1给用户 lijin1 提现-9000	
2014-11-18 14:42:41	管理员:admin	对账户金额进行了修改	管理员减少用户 lijin 金额 100 ,原因是: 1516	
2014-11-18 14:47:33	管理员:admin	对账户金额进行了修改	管理员[1]给用户[1]lijin提现，金额：-100.00元	
2014-11-18 14:55:19	管理员:admin	对账户金额进行了修改	管理员[1]给用户[1]lijin充值，金额：2000.00元	
2014-11-18 14:59:49	管理员:admin	对账户金额进行了修改	管理员[1]给用户[1]lijin提现，金额：-100.00元	
2014-11-18 15:04:47	管理员:admin	对账户金额进行了修改	管理员[1]给用户[1]lijin提现，金额：-2000.00元	
2014-11-18 15:04:57	管理员:admin	对账户金额进行了修改	管理员[1]给用户[1]lijin充值，金额：2000.00元	
2014-11-18 15:08:09	管理员:admin	对账户金额进行了修改	管理员1给用户 lijin1 提现-40000	
2014-11-18 15:32:49	管理员:admin	对账户金额进行了修改	管理员1给用户 lijin1 充值金额100	
2014-11-18 16:56:09	管理员:admin	对账户金额进行了修改	管理员1给用户 lijin1 充值金额100	
